<?xml version="1.0" encoding="UTF-8"?>
<testsuite name="TwoferTest" tests="4" skipped="0" failures="0" errors="0" timestamp="2018-07-18T17:21:22" hostname="amadeu.local" time="0.02">
  <properties/>
  <testcase name="noNameGiven" classname="TwoferTest" time="0.014"/>
  <testcase name="emptyStringGiven" classname="TwoferTest" time="0.001"/>
  <testcase name="aNameGiven" classname="TwoferTest" time="0.001"/>
  <testcase name="anotherNameGiven" classname="TwoferTest" time="0.001"/>
  <system-out><![CDATA[]]></system-out>
  <system-err><![CDATA[]]></system-err>
</testsuite>
